<?xml version="1.0" encoding="utf-8"?><testsuites name="pytest tests"><testsuite name="pytest" errors="0" failures="0" skipped="0" tests="10" time="5.550" timestamp="2026-04-15T22:12:41.565724+00:00" hostname="agent-env-65287e6d-b4c4-4208-9bd0-fddfcade336c"><testcase classname="backend.tests.test_features.TestAuth" name="test_admin_login" time="0.404" /><testcase classname="backend.tests.test_features.TestAuth" name="test_employee_login" time="0.365" /><testcase classname="backend.tests.test_features.TestAciertosDesaciertos" name="test_get_evaluations" time="0.606" /><testcase classname="backend.tests.test_features.TestAciertosDesaciertos" name="test_get_evaluations_with_filters" time="0.534" /><testcase classname="backend.tests.test_features.TestAciertosDesaciertos" name="test_create_evaluation" time="0.840" /><testcase classname="backend.tests.test_features.TestEmpleadoA" name="test_get_plans" time="0.512" /><testcase classname="backend.tests.test_features.TestEmpleadoA" name="test_get_pending_evaluations" time="0.515" /><testcase classname="backend.tests.test_features.TestEmpleadoA" name="test_submit_vote" time="0.653" /><testcase classname="backend.tests.test_features.TestEmpleadoA" name="test_get_results" time="0.526" /><testcase classname="backend.tests.test_features.TestEmployees" name="test_get_employees" time="0.528" /></testsuite></testsuites>